Results generated by fwts: Version V24.07.00 (2024-07-30 03:13:27).

Some of this work - Copyright (c) 1999 - 2023, Intel Corp. All rights reserved.
Some of this work - Copyright (c) 2010 - 2023, Canonical.
Some of this work - Copyright (c) 2016 - 2023, IBM.
Some of this work - Copyright (c) 2017 - 2023, ARM Ltd.

This test run on 20/04/24 at 15:58:28 on host Linux localhost.localdomain
6.6.0-38.0.0.46.riscv64 #1 SMP PREEMPT Fri Aug 30 12:48:47 CST 2024 riscv64.

Command: "fwts ".
Running tests: version power_mgmt reserv_mem prd_info oops olog klog bmc_info
clog acpiinfo dt_base cpu_info mem_info pci_info uefibootpath tpmevlog
maxreadreq aspm mtd_info cpufreq maxfreq interrupt xenv xsdt wsmt wpbt wdat
wakealarm waet viot uniqueid uefi tpm2 tcpa svkl stao srat spmi spcr slit slic
skvl sdev sdei sbst s3pt rsdt rsdp rgrt ras2 rasf pptt pmtt phat pdtt pcct nfit
method msdm msct mpst mpam misc mchi mcfg madt lpit ivrs ibft iort hmat hest
gtdt fpdt fadt facs erst einj ecdt drtm dppt acpi_wpc acpi_time acpi_als
acpi_nvdimm acpi_lid acpi_slpb acpi_pwrb acpi_ec smart_battery acpi_battery
acpi_ac dbg2 dbgp csrt cpep checksum cedt ccel boot bgrt bert aspt asf aest
acpitables acpipld.

version: Gather kernel system information.
--------------------------------------------------------------------------------
Test 1 of 4: Gather kernel signature.
SKIPPED: Test 1, Cannot get version signature info from /proc/version_signature

Test 2 of 4: Gather kernel system information.
Kernel Version: Linux version 6.6.0-38.0.0.46.riscv64 (root@openeuler) (gcc
(GCC) 12.3.1 (openEuler 12.3.1-30.oe2403), GNU ld (GNU Binutils) 2.41) #1 SMP
PREEMPT Fri Aug 30 12:48:47 CST 2024

Test 3 of 4: Gather kernel boot command line.
Kernel boot command line: BOOT_IMAGE=/vmlinuz-6.6.0-38.0.0.46.riscv64
root=UUID=fce3cee6-e5eb-4694-85f3-48a369464c19 console=ttyS0 highres=off
earlycon no4lvl systemd.default_timeout_start_sec=600 rootfstype=ext4 nomodeset
quiet net.ifnames=0 biosdevname=0 nmi_watchdog=1 rd.shell=0 selinux=0
crashkernel=256M reserve_kbox_mem=16M crash_kexec_post_notifiers panic=3
no-steal-time use-sched-idle-time

Test 4 of 4: Gather ACPI driver version.
ACPICA Version: 20230628

================================================================================
0 passed, 0 failed, 0 warning, 0 aborted, 1 skipped, 4 info only.
================================================================================

power_mgmt: OPAL Processor Power Management DT Validation Tests
--------------------------------------------------------------------------------
SKIPPED: Test 1, The firmware type detected was non OPAL so skipping the OPAL
Power Management DT checks.
================================================================================
0 passed, 0 failed, 0 warning, 0 aborted, 2 skipped, 0 info only.
================================================================================

reserv_mem: OPAL Reserved memory DT Validation Test
--------------------------------------------------------------------------------
SKIPPED: Test 1, The firmware type detected was non OPAL so skipping the OPAL
Reserve Memory DT checks.
================================================================================
0 passed, 0 failed, 0 warning, 0 aborted, 1 skipped, 0 info only.
================================================================================

prd_info: OPAL Processor Recovery Diagnostics Info
--------------------------------------------------------------------------------
================================================================================
0 passed, 0 failed, 0 warning, 0 aborted, 1 skipped, 0 info only.
================================================================================

oops: Scan kernel log for Oopses.
--------------------------------------------------------------------------------
Test 1 of 1: Kernel log oops check.
PASSED: Test 1, Found no oopses in kernel log.
PASSED: Test 1, Found no WARN_ON warnings in kernel log.

================================================================================
2 passed, 0 failed, 0 warning, 0 aborted, 0 skipped, 0 info only.
================================================================================

olog: Run OLOG scan and analysis checks.
--------------------------------------------------------------------------------
OLOG without any parameters on the platform you are running does nothing, please
specify -o for custom log analysis.
PPC supports dump and analysis of the default firmware logs.
================================================================================
0 passed, 0 failed, 0 warning, 0 aborted, 1 skipped, 0 info only.
================================================================================

klog: Scan kernel log for errors and warnings.
--------------------------------------------------------------------------------
Test 1 of 1: Kernel log error check.
FAILED [CRITICAL] KlogAcpiDisabled: Test 1, CRITICAL Kernel message: [
0.426392][ T1] ACPI: Interpreter disabled.

ADVICE: The ACPI interpreter initialization failed and so ACPI has been disabled

Found 1 unique errors in kernel log.

================================================================================
0 passed, 1 failed, 0 warning, 0 aborted, 0 skipped, 0 info only.
================================================================================

bmc_info: BMC Info
--------------------------------------------------------------------------------
Test skipped, missing features: IPMI
================================================================================
0 passed, 0 failed, 0 warning, 0 aborted, 1 skipped, 0 info only.
================================================================================

clog: Scan coreboot log for errors and warnings.
--------------------------------------------------------------------------------
coreboot log not available, skipping test
================================================================================
0 passed, 0 failed, 0 warning, 0 aborted, 1 skipped, 0 info only.
================================================================================

acpiinfo: General ACPI information test.
--------------------------------------------------------------------------------
Test 1 of 3: Determine Kernel ACPI version.
Kernel ACPICA driver version: 20230628, supports ACPI 6.4

Test 2 of 3: Determine machine's ACPI version.
Could not find any ACPI tables in directory '/sys/firmware/acpi/tables'. 

Test 3 of 3: Determine AML compiler.
Determine the compiler used to generate the ACPI AML in the DSDT and SSDT.

================================================================================
0 passed, 0 failed, 0 warning, 0 aborted, 0 skipped, 2 info only.
================================================================================

dt_base: Base device tree validity check
--------------------------------------------------------------------------------
Test 1 of 3: Check device tree presence
PASSED: Test 1, Device tree present

Test 2 of 3: Check device tree baseline validity
PASSED: Test 2, Device tree data valid

Test 3 of 3: Check device tree warnings
PASSED: Test 3, No warnings from dtc

================================================================================
3 passed, 0 failed, 0 warning, 0 aborted, 0 skipped, 0 info only.
================================================================================

cpu_info: OPAL CPU Info
--------------------------------------------------------------------------------
SKIPPED: Test 1, The firmware type detected was not set to OPAL so skipping the
OPAL CPU Info checks.
================================================================================
0 passed, 0 failed, 0 warning, 0 aborted, 1 skipped, 0 info only.
================================================================================

mem_info: OPAL MEM Info
--------------------------------------------------------------------------------
SKIPPED: Test 1, The firmware type detected was not set to OPAL so skipping the
OPAL PCI Info checks.
================================================================================
0 passed, 0 failed, 0 warning, 0 aborted, 1 skipped, 0 info only.
================================================================================

pci_info: OPAL PCI Info
--------------------------------------------------------------------------------
SKIPPED: Test 1, The firmware type detected was not set to OPAL so skipping the
OPAL PCI Info checks.
================================================================================
0 passed, 0 failed, 0 warning, 0 aborted, 1 skipped, 0 info only.
================================================================================

uefibootpath: Sanity check for UEFI Boot Path Boot####.
--------------------------------------------------------------------------------
Test 1 of 1: Test UEFI Boot Path Boot####.
Name: Boot0000
Info: UiApp
PASSED: Test 1, Check bootpath Boot0000 test passed.
Name: Boot0001
Info: UEFI Misc Device
PASSED: Test 1, Check bootpath Boot0001 test passed.
Name: Boot0002
Info: EFI Internal Shell
PASSED: Test 1, Check bootpath Boot0002 test passed.

================================================================================
3 passed, 0 failed, 0 warning, 0 aborted, 0 skipped, 0 info only.
================================================================================

tpmevlog: Sanity check TPM event log.
--------------------------------------------------------------------------------
Test 1 of 1: Sanity check TPM event log.
Cannot find the TPM event log. Aborted.

================================================================================
0 passed, 0 failed, 0 warning, 1 aborted, 0 skipped, 0 info only.
================================================================================

maxreadreq: Test firmware has set PCI Express MaxReadReq to a higher value on
non-motherboard devices.
--------------------------------------------------------------------------------
Test 1 of 1: Test firmware settings MaxReadReq for PCI Express devices.
MaxReadReq for 0000:00:02.0 is low (128).
FAILED [LOW] LowMaxReadReq: Test 1, 1 devices have low MaxReadReq settings.
Firmware may have configured these too low.

ADVICE: The MaxReadRequest size is set too low and will affect performance. It
will provide excellent bus sharing at the cost of bus data transfer rates.
Although not a critical issue, it may be worth considering setting the
MaxReadRequest size to 256 or 512 to increase throughput on the PCI Express bus.
Some drivers (for example the Brocade Fibre Channel driver) allow one to
override the firmware settings. Where possible, this BIOS configuration setting
is worth increasing it a little more for better performance at a small reduction
of bus sharing. Note it is safe to ignore this failure if the register is
hardwired to zero per PCIe spec.


================================================================================
0 passed, 1 failed, 0 warning, 0 aborted, 0 skipped, 0 info only.
================================================================================

aspm: PCIe ASPM test.
--------------------------------------------------------------------------------
Test 1 of 2: PCIe ASPM ACPI test.
SKIPPED: Test 1, No valid FACP information present: cannot test ASPM.

Test 2 of 2: PCIe ASPM registers test.

================================================================================
0 passed, 0 failed, 0 warning, 0 aborted, 1 skipped, 0 info only.
================================================================================

mtd_info: OPAL MTD Info
--------------------------------------------------------------------------------
================================================================================
0 passed, 0 failed, 0 warning, 0 aborted, 1 skipped, 0 info only.
================================================================================

cpufreq: CPU frequency scaling tests.
--------------------------------------------------------------------------------
Can't access cpufreq info for CPU 0
Failed to parse cpufreq for CPU 0
Aborted test, initialisation failed.
================================================================================
0 passed, 0 failed, 0 warning, 7 aborted, 0 skipped, 0 info only.
================================================================================

maxfreq: Test max CPU frequencies against max scaling frequency.
--------------------------------------------------------------------------------
Test 1 of 1: Maximum CPU frequency test.
This test checks the maximum CPU frequency as detected by the kernel for each
CPU against maximum frequency as specified by the BIOS frequency scaling
settings.
SKIPPED: Test 1, Cannot read CPU model names from /proc/cpuinfo, this generally
happens on ARM CPUs, skipping test.

================================================================================
0 passed, 0 failed, 0 warning, 0 aborted, 1 skipped, 0 info only.
================================================================================

interrupt: Interrupt tests.
--------------------------------------------------------------------------------
Test 1 of 1: Check whether ACPI SCI is triggered excessively.
Could not open ACPI SCI data 

================================================================================
0 passed, 0 failed, 0 warning, 0 aborted, 0 skipped, 0 info only.
================================================================================

xenv: XENV Xen Environment Table tests.
--------------------------------------------------------------------------------
Cannot read ACPI tables.
Aborted test, initialisation failed.
================================================================================
0 passed, 0 failed, 0 warning, 1 aborted, 0 skipped, 0 info only.
================================================================================

xsdt: XSDT Extended System Description Table test.
--------------------------------------------------------------------------------
Cannot read ACPI tables.
Aborted test, initialisation failed.
================================================================================
0 passed, 0 failed, 0 warning, 1 aborted, 0 skipped, 0 info only.
================================================================================

wsmt: WSMT Windows SMM Security Mitigations Table test.
--------------------------------------------------------------------------------
Cannot read ACPI tables.
Aborted test, initialisation failed.
================================================================================
0 passed, 0 failed, 0 warning, 1 aborted, 0 skipped, 0 info only.
================================================================================

wpbt: WPBT Windows Platform Binary Table test.
--------------------------------------------------------------------------------
Cannot read ACPI tables.
Aborted test, initialisation failed.
================================================================================
0 passed, 0 failed, 0 warning, 1 aborted, 0 skipped, 0 info only.
================================================================================

wdat: WDAT Microsoft Hardware Watchdog Action Table test.
--------------------------------------------------------------------------------
Cannot read ACPI tables.
Aborted test, initialisation failed.
================================================================================
0 passed, 0 failed, 0 warning, 1 aborted, 0 skipped, 0 info only.
================================================================================

wakealarm: ACPI Wakealarm tests.
--------------------------------------------------------------------------------
Test 1 of 5: Test existence of RTC with alarm interface.
PASSED: Test 1, RTC with a RTC alarm ioctl() interface found.

Test 2 of 5: Trigger wakealarm for 1 seconds in the future.
Trigger wakealarm for 1 seconds in the future.
Cannot enable alarm interrupts on Real Time Clock device /dev/rtc0.
FAILED [MEDIUM] WakeAlarmNotTriggeredTest2: Test 2, RTC wakealarm did not
trigger.

Test 3 of 5: Test if wakealarm is fired.
Cannot enable alarm interrupts on Real Time Clock device /dev/rtc0.
FAILED [MEDIUM] WakeAlarmNotTriggeredTest3: Test 3, Failed to trigger and fire
wakealarm.

Test 4 of 5: Multiple wakealarm firing tests.
Trigger wakealarm for 1 seconds in the future.
Cannot enable alarm interrupts on Real Time Clock device /dev/rtc0.
FAILED [MEDIUM] WakeAlarmNotTriggeredTest4: Test 4, Failed to trigger and fire
wakealarm.

Test 5 of 5: Reset wakealarm time.
PASSED: Test 5, RTC wakealarm set.
FAILED [MEDIUM] WakeAlarmNotResetTest5: Test 5, RTC wakealarm failed to be reset
back to original time.

================================================================================
2 passed, 4 failed, 0 warning, 0 aborted, 0 skipped, 0 info only.
================================================================================

waet: WAET Windows ACPI Emulated Devices Table test.
--------------------------------------------------------------------------------
Cannot read ACPI tables.
Aborted test, initialisation failed.
================================================================================
0 passed, 0 failed, 0 warning, 1 aborted, 0 skipped, 0 info only.
================================================================================

viot: VIOT Virtual I/O Translation Table test.
--------------------------------------------------------------------------------
Cannot read ACPI tables.
Aborted test, initialisation failed.
================================================================================
0 passed, 0 failed, 0 warning, 1 aborted, 0 skipped, 0 info only.
================================================================================

uniqueid: ACPI Unique IDs test.
--------------------------------------------------------------------------------
Cannot initialise ACPI.
Aborted test, initialisation failed.
================================================================================
0 passed, 0 failed, 0 warning, 2 aborted, 0 skipped, 0 info only.
================================================================================

uefi: UEFI Data Table test.
--------------------------------------------------------------------------------
Cannot read ACPI tables.
Aborted test, initialisation failed.
================================================================================
0 passed, 0 failed, 0 warning, 1 aborted, 0 skipped, 0 info only.
================================================================================

tpm2: TPM2 Trusted Platform Module 2 test.
--------------------------------------------------------------------------------
Cannot read ACPI tables.
Aborted test, initialisation failed.
================================================================================
0 passed, 0 failed, 0 warning, 1 aborted, 0 skipped, 0 info only.
================================================================================

tcpa: TCPA Trusted Computing Platform Alliance Capabilities Table test.
--------------------------------------------------------------------------------
Cannot read ACPI tables.
Aborted test, initialisation failed.
================================================================================
0 passed, 0 failed, 0 warning, 1 aborted, 0 skipped, 0 info only.
================================================================================

svkl: SVKL Storage Volume Key Data table test.
--------------------------------------------------------------------------------
Cannot read ACPI tables.
Aborted test, initialisation failed.
================================================================================
0 passed, 0 failed, 0 warning, 1 aborted, 0 skipped, 0 info only.
================================================================================

stao: STAO Status Override Table test.
--------------------------------------------------------------------------------
Cannot read ACPI tables.
Aborted test, initialisation failed.
================================================================================
0 passed, 0 failed, 0 warning, 1 aborted, 0 skipped, 0 info only.
================================================================================

srat: SRAT System Resource Affinity Table test.
--------------------------------------------------------------------------------
Cannot read ACPI tables.
Aborted test, initialisation failed.
================================================================================
0 passed, 0 failed, 0 warning, 1 aborted, 0 skipped, 0 info only.
================================================================================

spmi: SPMI Service Processor Management Interface Description Table test.
--------------------------------------------------------------------------------
Cannot read ACPI tables.
Aborted test, initialisation failed.
================================================================================
0 passed, 0 failed, 0 warning, 1 aborted, 0 skipped, 0 info only.
================================================================================

spcr: SPCR Serial Port Console Redirection Table test.
--------------------------------------------------------------------------------
Cannot read ACPI tables.
Aborted test, initialisation failed.
================================================================================
0 passed, 0 failed, 0 warning, 3 aborted, 0 skipped, 0 info only.
================================================================================

slit: SLIT System Locality Distance Information test.
--------------------------------------------------------------------------------
Cannot read ACPI tables.
Aborted test, initialisation failed.
================================================================================
0 passed, 0 failed, 0 warning, 1 aborted, 0 skipped, 0 info only.
================================================================================

slic: SLIC Software Licensing Description Table test.
--------------------------------------------------------------------------------
Cannot read ACPI tables.
Aborted test, initialisation failed.
================================================================================
0 passed, 0 failed, 0 warning, 1 aborted, 0 skipped, 0 info only.
================================================================================

skvl: SKVL Storage Volume Key Location Table test.
--------------------------------------------------------------------------------
Cannot read ACPI tables.
Aborted test, initialisation failed.
================================================================================
0 passed, 0 failed, 0 warning, 1 aborted, 0 skipped, 0 info only.
================================================================================

sdev: SDEV Secure Devices Table test
--------------------------------------------------------------------------------
Cannot read ACPI tables.
Aborted test, initialisation failed.
================================================================================
0 passed, 0 failed, 0 warning, 1 aborted, 0 skipped, 0 info only.
================================================================================

sdei: SDEI Software Delegated Exception Interface Table test
--------------------------------------------------------------------------------
Cannot read ACPI tables.
Aborted test, initialisation failed.
================================================================================
0 passed, 0 failed, 0 warning, 1 aborted, 0 skipped, 0 info only.
================================================================================

sbst: SBST Smart Battery Specification Table test.
--------------------------------------------------------------------------------
Cannot read ACPI tables.
Aborted test, initialisation failed.
================================================================================
0 passed, 0 failed, 0 warning, 1 aborted, 0 skipped, 0 info only.
================================================================================

s3pt: S3 Performance Table test.
--------------------------------------------------------------------------------
Cannot read ACPI tables.
Aborted test, initialisation failed.
================================================================================
0 passed, 0 failed, 0 warning, 1 aborted, 0 skipped, 0 info only.
================================================================================

rsdt: RSDT Root System Description Table test.
--------------------------------------------------------------------------------
Cannot read ACPI tables.
Aborted test, initialisation failed.
================================================================================
0 passed, 0 failed, 0 warning, 1 aborted, 0 skipped, 0 info only.
================================================================================

rsdp: RSDP Root System Description Pointer test.
--------------------------------------------------------------------------------
Cannot read ACPI tables.
Aborted test, initialisation failed.
================================================================================
0 passed, 0 failed, 0 warning, 1 aborted, 0 skipped, 0 info only.
================================================================================

rgrt: RGRT Regulatory Graphics Resource Table test
--------------------------------------------------------------------------------
Cannot read ACPI tables.
Aborted test, initialisation failed.
================================================================================
0 passed, 0 failed, 0 warning, 1 aborted, 0 skipped, 0 info only.
================================================================================

ras2: ACPI RAS2 Feature Table test
--------------------------------------------------------------------------------
Cannot read ACPI tables.
Aborted test, initialisation failed.
================================================================================
0 passed, 0 failed, 0 warning, 1 aborted, 0 skipped, 0 info only.
================================================================================

rasf: RASF RAS Feature Table test
--------------------------------------------------------------------------------
Cannot read ACPI tables.
Aborted test, initialisation failed.
================================================================================
0 passed, 0 failed, 0 warning, 1 aborted, 0 skipped, 0 info only.
================================================================================

pptt: PPTT Processor Properties Topology Table test.
--------------------------------------------------------------------------------
Cannot read ACPI tables.
Aborted test, initialisation failed.
================================================================================
0 passed, 0 failed, 0 warning, 1 aborted, 0 skipped, 0 info only.
================================================================================

pmtt: PMTT Memory Topology Table test.
--------------------------------------------------------------------------------
Cannot read ACPI tables.
Aborted test, initialisation failed.
================================================================================
0 passed, 0 failed, 0 warning, 1 aborted, 0 skipped, 0 info only.
================================================================================

phat: PHAT Platform Health Assessment Table test.
--------------------------------------------------------------------------------
Cannot read ACPI tables.
Aborted test, initialisation failed.
================================================================================
0 passed, 0 failed, 0 warning, 1 aborted, 0 skipped, 0 info only.
================================================================================

pdtt: PDTT Platform Debug Trigger Table test.
--------------------------------------------------------------------------------
Cannot read ACPI tables.
Aborted test, initialisation failed.
================================================================================
0 passed, 0 failed, 0 warning, 1 aborted, 0 skipped, 0 info only.
================================================================================

pcct: PCCT Platform Communications Channel test.
--------------------------------------------------------------------------------
Cannot read ACPI tables.
Aborted test, initialisation failed.
================================================================================
0 passed, 0 failed, 0 warning, 1 aborted, 0 skipped, 0 info only.
================================================================================

nfit: NFIT NVDIMM Firmware Interface Table test.
--------------------------------------------------------------------------------
Cannot read ACPI tables.
Aborted test, initialisation failed.
================================================================================
0 passed, 0 failed, 0 warning, 1 aborted, 0 skipped, 0 info only.
================================================================================

method: ACPI DSDT Method Semantic tests.
--------------------------------------------------------------------------------
Cannot initialise ACPI.
Aborted test, initialisation failed.
================================================================================
0 passed, 0 failed, 0 warning, 209 aborted, 0 skipped, 0 info only.
================================================================================

msdm: MSDM Microsoft Data Management Table test.
--------------------------------------------------------------------------------
Cannot read ACPI tables.
Aborted test, initialisation failed.
================================================================================
0 passed, 0 failed, 0 warning, 1 aborted, 0 skipped, 0 info only.
================================================================================

msct: MSCT Maximum System Characteristics Table test.
--------------------------------------------------------------------------------
Cannot read ACPI tables.
Aborted test, initialisation failed.
================================================================================
0 passed, 0 failed, 0 warning, 1 aborted, 0 skipped, 0 info only.
================================================================================

mpst: MPST Memory Power State Table test.
--------------------------------------------------------------------------------
Cannot read ACPI tables.
Aborted test, initialisation failed.
================================================================================
0 passed, 0 failed, 0 warning, 1 aborted, 0 skipped, 0 info only.
================================================================================

mpam: MPAM Memory System Resource Partitioning And Monitoring Table test.
--------------------------------------------------------------------------------
Cannot read ACPI tables.
Aborted test, initialisation failed.
================================================================================
0 passed, 0 failed, 0 warning, 1 aborted, 0 skipped, 0 info only.
================================================================================

misc: MISC Miscellaneous GUIDed Table Entries test.
--------------------------------------------------------------------------------
Cannot read ACPI tables.
Aborted test, initialisation failed.
================================================================================
0 passed, 0 failed, 0 warning, 1 aborted, 0 skipped, 0 info only.
================================================================================

mchi: MCHI Management Controller Host Interface Table test.
--------------------------------------------------------------------------------
Cannot read ACPI tables.
Aborted test, initialisation failed.
================================================================================
0 passed, 0 failed, 0 warning, 1 aborted, 0 skipped, 0 info only.
================================================================================

mcfg: MCFG PCI Express* memory mapped config space test.
--------------------------------------------------------------------------------
Cannot read ACPI tables.
Aborted test, initialisation failed.
================================================================================
0 passed, 0 failed, 0 warning, 2 aborted, 0 skipped, 0 info only.
================================================================================

madt: MADT Multiple APIC Description Table (spec compliant).
--------------------------------------------------------------------------------
Cannot find ACPI MADT tables.
Aborted test, initialisation failed.
================================================================================
0 passed, 0 failed, 0 warning, 5 aborted, 0 skipped, 0 info only.
================================================================================

lpit: LPIT Low Power Idle Table test.
--------------------------------------------------------------------------------
Cannot read ACPI tables.
Aborted test, initialisation failed.
================================================================================
0 passed, 0 failed, 0 warning, 1 aborted, 0 skipped, 0 info only.
================================================================================

ivrs: IVRS I/O Virtualization Reporting Structure test.
--------------------------------------------------------------------------------
Cannot read ACPI tables.
Aborted test, initialisation failed.
================================================================================
0 passed, 0 failed, 0 warning, 1 aborted, 0 skipped, 0 info only.
================================================================================

ibft: iBFT iSCSI Boot Firmware Table test.
--------------------------------------------------------------------------------
Cannot read ACPI tables.
Aborted test, initialisation failed.
================================================================================
0 passed, 0 failed, 0 warning, 1 aborted, 0 skipped, 0 info only.
================================================================================

iort: IORT IO Remapping Table test.
--------------------------------------------------------------------------------
Cannot read ACPI tables.
Aborted test, initialisation failed.
================================================================================
0 passed, 0 failed, 0 warning, 1 aborted, 0 skipped, 0 info only.
================================================================================

hmat: HMAT Heterogeneous Memory Attribute Table test.
--------------------------------------------------------------------------------
Cannot read ACPI tables.
Aborted test, initialisation failed.
================================================================================
0 passed, 0 failed, 0 warning, 1 aborted, 0 skipped, 0 info only.
================================================================================

hest: HEST Hardware Error Source Table test.
--------------------------------------------------------------------------------
Cannot read ACPI tables.
Aborted test, initialisation failed.
================================================================================
0 passed, 0 failed, 0 warning, 1 aborted, 0 skipped, 0 info only.
================================================================================

gtdt: GTDT Generic Timer Description Table test.
--------------------------------------------------------------------------------
Cannot read ACPI tables.
Aborted test, initialisation failed.
================================================================================
0 passed, 0 failed, 0 warning, 1 aborted, 0 skipped, 0 info only.
================================================================================

fpdt: FPDT Firmware Performance Data Table test.
--------------------------------------------------------------------------------
Cannot read ACPI tables.
Aborted test, initialisation failed.
================================================================================
0 passed, 0 failed, 0 warning, 1 aborted, 0 skipped, 0 info only.
================================================================================

fadt: FADT Fixed ACPI Description Table tests.
--------------------------------------------------------------------------------
Cannot read ACPI table FACP.
Aborted test, initialisation failed.
================================================================================
0 passed, 0 failed, 0 warning, 6 aborted, 0 skipped, 0 info only.
================================================================================

facs: FACS Firmware ACPI Control Structure test.
--------------------------------------------------------------------------------
Cannot read ACPI tables.
Aborted test, initialisation failed.
================================================================================
0 passed, 0 failed, 0 warning, 1 aborted, 0 skipped, 0 info only.
================================================================================

erst: ERST Error Record Serialization Table test.
--------------------------------------------------------------------------------
Cannot read ACPI tables.
Aborted test, initialisation failed.
================================================================================
0 passed, 0 failed, 0 warning, 1 aborted, 0 skipped, 0 info only.
================================================================================

einj: EINJ Error Injection Table test.
--------------------------------------------------------------------------------
Cannot read ACPI tables.
Aborted test, initialisation failed.
================================================================================
0 passed, 0 failed, 0 warning, 1 aborted, 0 skipped, 0 info only.
================================================================================

ecdt: ECDT Embedded Controller Boot Resources Table test.
--------------------------------------------------------------------------------
Cannot read ACPI tables.
Aborted test, initialisation failed.
================================================================================
0 passed, 0 failed, 0 warning, 1 aborted, 0 skipped, 0 info only.
================================================================================

drtm: DRTM D-RTM Resources Table test.
--------------------------------------------------------------------------------
Cannot read ACPI tables.
Aborted test, initialisation failed.
================================================================================
0 passed, 0 failed, 0 warning, 1 aborted, 0 skipped, 0 info only.
================================================================================

dppt: DPPT DMA Protection Policy Table test
--------------------------------------------------------------------------------
Cannot read ACPI tables.
Aborted test, initialisation failed.
================================================================================
0 passed, 0 failed, 0 warning, 1 aborted, 0 skipped, 0 info only.
================================================================================

acpi_wpc: Wireless power calibration device test
--------------------------------------------------------------------------------
Aborted test, initialisation failed.
================================================================================
0 passed, 0 failed, 0 warning, 14 aborted, 0 skipped, 0 info only.
================================================================================

acpi_time: Time and alarm device test
--------------------------------------------------------------------------------
Aborted test, initialisation failed.
================================================================================
0 passed, 0 failed, 0 warning, 21 aborted, 0 skipped, 0 info only.
================================================================================

acpi_als: Ambient light sensor device test
--------------------------------------------------------------------------------
Aborted test, initialisation failed.
================================================================================
0 passed, 0 failed, 0 warning, 17 aborted, 0 skipped, 0 info only.
================================================================================

acpi_nvdimm: NVDIMM device test
--------------------------------------------------------------------------------
Aborted test, initialisation failed.
================================================================================
0 passed, 0 failed, 0 warning, 6 aborted, 0 skipped, 0 info only.
================================================================================

acpi_lid: Lid device test
--------------------------------------------------------------------------------
Aborted test, initialisation failed.
================================================================================
0 passed, 0 failed, 0 warning, 15 aborted, 0 skipped, 0 info only.
================================================================================

acpi_slpb: Sleep button device test
--------------------------------------------------------------------------------
Aborted test, initialisation failed.
================================================================================
0 passed, 0 failed, 0 warning, 12 aborted, 0 skipped, 0 info only.
================================================================================

acpi_pwrb: Power button device test
--------------------------------------------------------------------------------
Aborted test, initialisation failed.
================================================================================
0 passed, 0 failed, 0 warning, 12 aborted, 0 skipped, 0 info only.
================================================================================

acpi_ec: ACPI embedded controller device test
--------------------------------------------------------------------------------
Aborted test, initialisation failed.
================================================================================
0 passed, 0 failed, 0 warning, 15 aborted, 0 skipped, 0 info only.
================================================================================

smart_battery: ACPI smart battery device test
--------------------------------------------------------------------------------
Aborted test, initialisation failed.
================================================================================
0 passed, 0 failed, 0 warning, 13 aborted, 0 skipped, 0 info only.
================================================================================

acpi_battery: ACPI battery device test
--------------------------------------------------------------------------------
Aborted test, initialisation failed.
================================================================================
0 passed, 0 failed, 0 warning, 31 aborted, 0 skipped, 0 info only.
================================================================================

acpi_ac: AC adapter device test
--------------------------------------------------------------------------------
Aborted test, initialisation failed.
================================================================================
0 passed, 0 failed, 0 warning, 16 aborted, 0 skipped, 0 info only.
================================================================================

dbg2: DBG2 (Debug Port Table 2) test.
--------------------------------------------------------------------------------
Cannot read ACPI tables.
Aborted test, initialisation failed.
================================================================================
0 passed, 0 failed, 0 warning, 2 aborted, 0 skipped, 0 info only.
================================================================================

dbgp: DBGP (Debug Port) Table test.
--------------------------------------------------------------------------------
Cannot read ACPI tables.
Aborted test, initialisation failed.
================================================================================
0 passed, 0 failed, 0 warning, 1 aborted, 0 skipped, 0 info only.
================================================================================

csrt: CSRT Core System Resource Table test.
--------------------------------------------------------------------------------
Cannot read ACPI tables.
Aborted test, initialisation failed.
================================================================================
0 passed, 0 failed, 0 warning, 1 aborted, 0 skipped, 0 info only.
================================================================================

cpep: CPEP Corrected Platform Error Polling Table test.
--------------------------------------------------------------------------------
Cannot read ACPI tables.
Aborted test, initialisation failed.
================================================================================
0 passed, 0 failed, 0 warning, 1 aborted, 0 skipped, 0 info only.
================================================================================

checksum: ACPI table checksum test.
--------------------------------------------------------------------------------
Test 1 of 1: ACPI table checksum test.

================================================================================
0 passed, 0 failed, 0 warning, 0 aborted, 0 skipped, 0 info only.
================================================================================

cedt: CEDT CXL Early Discovery Table test
--------------------------------------------------------------------------------
Cannot read ACPI tables.
Aborted test, initialisation failed.
================================================================================
0 passed, 0 failed, 0 warning, 1 aborted, 0 skipped, 0 info only.
================================================================================

ccel: CCEL CC Event Log ACPI Table test.
--------------------------------------------------------------------------------
Cannot read ACPI tables.
Aborted test, initialisation failed.
================================================================================
0 passed, 0 failed, 0 warning, 1 aborted, 0 skipped, 0 info only.
================================================================================

boot: BOOT Table test.
--------------------------------------------------------------------------------
Cannot read ACPI tables.
Aborted test, initialisation failed.
================================================================================
0 passed, 0 failed, 0 warning, 1 aborted, 0 skipped, 0 info only.
================================================================================

bgrt: BGRT Boot Graphics Resource Table test.
--------------------------------------------------------------------------------
Cannot read ACPI tables.
Aborted test, initialisation failed.
================================================================================
0 passed, 0 failed, 0 warning, 1 aborted, 0 skipped, 0 info only.
================================================================================

bert: BERT Boot Error Record Table test.
--------------------------------------------------------------------------------
Cannot read ACPI tables.
Aborted test, initialisation failed.
================================================================================
0 passed, 0 failed, 0 warning, 1 aborted, 0 skipped, 0 info only.
================================================================================

aspt: ASPT Table test.
--------------------------------------------------------------------------------
Cannot read ACPI tables.
Aborted test, initialisation failed.
================================================================================
0 passed, 0 failed, 0 warning, 1 aborted, 0 skipped, 0 info only.
================================================================================

asf: ASF! Alert Standard Format Table test.
--------------------------------------------------------------------------------
Cannot read ACPI tables.
Aborted test, initialisation failed.
================================================================================
0 passed, 0 failed, 0 warning, 1 aborted, 0 skipped, 0 info only.
================================================================================

aest: AEST Arm Error Source Table test.
--------------------------------------------------------------------------------
Cannot read ACPI tables.
Aborted test, initialisation failed.
================================================================================
0 passed, 0 failed, 0 warning, 1 aborted, 0 skipped, 0 info only.
================================================================================

acpitables: ACPI table headers sanity tests.
--------------------------------------------------------------------------------
Test 1 of 2: Test ACPI headers.
ABORTED: Test 1, Cannot find any ACPI tables.

Test 2 of 2: Test ACPI spec versus table revisions.
Cannot read ACPI table FACP.
System supports ACPI 0000
This test does not support ACPI 0000.

================================================================================
0 passed, 0 failed, 0 warning, 1 aborted, 0 skipped, 0 info only.
================================================================================

acpipld: Check if the ACPI _PLD methods exist only on the port connectable.
--------------------------------------------------------------------------------
Cannot initialise ACPI.
Aborted test, initialisation failed.
================================================================================
0 passed, 0 failed, 0 warning, 1 aborted, 0 skipped, 0 info only.
================================================================================


10 passed, 6 failed, 0 warning, 474 aborted, 14 skipped, 6 info only.

Test Failure Summary
================================================================================

Critical failures: 1
 klog: CRITICAL Kernel message: [    0.426392][    T1] ACPI: Interpreter disabled.

High failures: NONE

Medium failures: 3
 wakealarm: RTC wakealarm did not trigger.
 wakealarm: Failed to trigger and fire wakealarm.
 wakealarm: RTC wakealarm failed to be reset back to original time.

Low failures: 1
 maxreadreq: 1 devices have low MaxReadReq settings. Firmware may have configured these too low.

Other failures: NONE

Test           |Pass |Fail |Abort|Warn |Skip |Info |
---------------+-----+-----+-----+-----+-----+-----+
acpi_ac        |     |     |   16|     |     |     |
acpi_als       |     |     |   17|     |     |     |
acpi_battery   |     |     |   31|     |     |     |
acpi_ec        |     |     |   15|     |     |     |
acpi_lid       |     |     |   15|     |     |     |
acpi_nvdimm    |     |     |    6|     |     |     |
acpi_pwrb      |     |     |   12|     |     |     |
acpi_slpb      |     |     |   12|     |     |     |
acpi_time      |     |     |   21|     |     |     |
acpi_wpc       |     |     |   14|     |     |     |
acpiinfo       |     |     |     |     |     |    2|
acpipld        |     |     |    1|     |     |     |
acpitables     |     |     |    1|     |     |     |
aest           |     |     |    1|     |     |     |
asf            |     |     |    1|     |     |     |
aspm           |     |     |     |     |    1|     |
aspt           |     |     |    1|     |     |     |
bert           |     |     |    1|     |     |     |
bgrt           |     |     |    1|     |     |     |
bmc_info       |     |     |     |     |    1|     |
boot           |     |     |    1|     |     |     |
ccel           |     |     |    1|     |     |     |
cedt           |     |     |    1|     |     |     |
checksum       |     |     |     |     |     |     |
clog           |     |     |     |     |    1|     |
cpep           |     |     |    1|     |     |     |
cpu_info       |     |     |     |     |    1|     |
cpufreq        |     |     |    7|     |     |     |
csrt           |     |     |    1|     |     |     |
dbg2           |     |     |    2|     |     |     |
dbgp           |     |     |    1|     |     |     |
dppt           |     |     |    1|     |     |     |
drtm           |     |     |    1|     |     |     |
dt_base        |    3|     |     |     |     |     |
ecdt           |     |     |    1|     |     |     |
einj           |     |     |    1|     |     |     |
erst           |     |     |    1|     |     |     |
facs           |     |     |    1|     |     |     |
fadt           |     |     |    6|     |     |     |
fpdt           |     |     |    1|     |     |     |
gtdt           |     |     |    1|     |     |     |
hest           |     |     |    1|     |     |     |
hmat           |     |     |    1|     |     |     |
ibft           |     |     |    1|     |     |     |
interrupt      |     |     |     |     |     |     |
iort           |     |     |    1|     |     |     |
ivrs           |     |     |    1|     |     |     |
klog           |     |    1|     |     |     |     |
lpit           |     |     |    1|     |     |     |
madt           |     |     |    5|     |     |     |
maxfreq        |     |     |     |     |    1|     |
maxreadreq     |     |    1|     |     |     |     |
mcfg           |     |     |    2|     |     |     |
mchi           |     |     |    1|     |     |     |
mem_info       |     |     |     |     |    1|     |
method         |     |     |  209|     |     |     |
misc           |     |     |    1|     |     |     |
mpam           |     |     |    1|     |     |     |
mpst           |     |     |    1|     |     |     |
msct           |     |     |    1|     |     |     |
msdm           |     |     |    1|     |     |     |
mtd_info       |     |     |     |     |    1|     |
nfit           |     |     |    1|     |     |     |
olog           |     |     |     |     |    1|     |
oops           |    2|     |     |     |     |     |
pcct           |     |     |    1|     |     |     |
pci_info       |     |     |     |     |    1|     |
pdtt           |     |     |    1|     |     |     |
phat           |     |     |    1|     |     |     |
pmtt           |     |     |    1|     |     |     |
power_mgmt     |     |     |     |     |    2|     |
pptt           |     |     |    1|     |     |     |
prd_info       |     |     |     |     |    1|     |
ras2           |     |     |    1|     |     |     |
rasf           |     |     |    1|     |     |     |
reserv_mem     |     |     |     |     |    1|     |
rgrt           |     |     |    1|     |     |     |
rsdp           |     |     |    1|     |     |     |
rsdt           |     |     |    1|     |     |     |
s3pt           |     |     |    1|     |     |     |
sbst           |     |     |    1|     |     |     |
sdei           |     |     |    1|     |     |     |
sdev           |     |     |    1|     |     |     |
skvl           |     |     |    1|     |     |     |
slic           |     |     |    1|     |     |     |
slit           |     |     |    1|     |     |     |
smart_battery  |     |     |   13|     |     |     |
spcr           |     |     |    3|     |     |     |
spmi           |     |     |    1|     |     |     |
srat           |     |     |    1|     |     |     |
stao           |     |     |    1|     |     |     |
svkl           |     |     |    1|     |     |     |
tcpa           |     |     |    1|     |     |     |
tpm2           |     |     |    1|     |     |     |
tpmevlog       |     |     |    1|     |     |     |
uefi           |     |     |    1|     |     |     |
uefibootpath   |    3|     |     |     |     |     |
uniqueid       |     |     |    2|     |     |     |
version        |     |     |     |     |    1|    4|
viot           |     |     |    1|     |     |     |
waet           |     |     |    1|     |     |     |
wakealarm      |    2|    4|     |     |     |     |
wdat           |     |     |    1|     |     |     |
wpbt           |     |     |    1|     |     |     |
wsmt           |     |     |    1|     |     |     |
xenv           |     |     |    1|     |     |     |
xsdt           |     |     |    1|     |     |     |
---------------+-----+-----+-----+-----+-----+-----+
Total:         |   10|    6|  474|    0|   14|    6|
---------------+-----+-----+-----+-----+-----+-----+
